ERC report (2026-05-23T23:54:59, Encoding UTF8)
Report includes: Errors, Warnings

***** Sheet /
[unannotated]: Item not annotated: J?
    ; error
    @(6500 mils, 1700 mils): Symbol J? [Conn_01x02_Pin]
[pin_not_connected]: Pin not connected
    ; error
    @(6700 mils, 1700 mils): Symbol J? Pin 1 [Pin_1, Passive, Line]
[pin_not_connected]: Pin not connected
    ; error
    @(6700 mils, 1800 mils): Symbol J? Pin 2 [Pin_2, Passive, Line]
[unconnected_wire_endpoint]: Unconnected wire endpoint
    ; warning
    @(6000 mils, 1700 mils): Horizontal Wire, length 500 mils
[unconnected_wire_endpoint]: Unconnected wire endpoint
    ; warning
    @(6100 mils, 1800 mils): Horizontal Wire, length 400 mils

 ** ERC messages: 5  Errors 3  Warnings 2

 ** Ignored checks:
    - Global label only appears once in the schematic
    - Four connection points are joined together
    - SPICE model issue
    - Assigned footprint doesn't match footprint filters
